Q868Z9 4.6e-21 1
O76840 3e-22 1
Q02445 2.6e-25 1
Q28864 2.2e-24 1
P19761 4.1e-24 1
Q03610 2.9e-21 1
P83606 3.2e-23 1
Q7YRQ8 2.2e-25 1
P48307 2e-23 1
Q6T269 5.1e-26 1
Q8WPI2 2.2e-28 1
Q8WPI3 1.3e-28 1
Q9WU03 6.5e-23 1
B2BS84 2.6e-22 1
Q08E66 1.7e-25 1
P62756 1.1e-20 1
P00978 1.2e-20 1
Q7TQN3 9.4e-25 1
P00975 1e-35 1
O43278 1.2e-20 1
P02760 2.3e-19 1
P04366 3.3e-20 1
Q64240 4.4e-19 1
Q9R097 9.4e-21 1
Q8TEU8 2e-23 1
P00980 2.4e-32 1
P00981 4.2e-32 1
P00985 5.7e-31 1
P0DMW7 6.9e-31 1
P0DMW6 8.8e-31 1
B6RLX2 3.2e-30 1
C1IC52 4.3e-30 1
P00986 4e-30 1
Q6T6T5 4.8e-30 1
Q90W99 6.2e-30 1
C0HJU7 6.5e-30 1
C0HLB2 2.6e-29 1
A8Y7N9 3.1e-29 1
P0DN08 4e-29 1
Q7LZE3 4.2e-29 1
B5L5R7 4.6e-29 1
Q9TWG0 4.4e-29 1
C0HK74 4.8e-29 1
F8J2F3 5.7e-29 1
Q90WA1 6.2e-29 1
B5KL40 8.1e-29 1
B5KF95 8.8e-29 1
B5KF96 1.1e-28 1
P25660 1.3e-28 1
P0DN06 1.4e-28 1
Q6ITB1 1.4e-28 1
H2A0P0 2.4e-17 1
Q6T6S5 1.9e-28 1
P00994 2.2e-28 1
B5L5R0 2.4e-28 1
B5G6G6 2.4e-28 1
Q90WA0 2.9e-28 1
Q6ITB5 3e-28 1
A6MFL4 3.1e-28 1
P0DN11 3.6e-28 1
B5KL39 3.3e-28 1
C0HK73 3.3e-28 1
P0DN13 4.9e-28 1
B5L5M7 4.7e-28 1
C0HJF3 6.1e-28 1
P0DN19 6.8e-28 1
P20229 7.1e-28 1
F8J2F4 9.6e-28 1
A5X2X1 9.5e-28 1
P24541 1.3e-27 1
A6MGX9 1.5e-27 1
P0DMJ4 1.5e-27 1
E7FL13 2.1e-27 1
P0DL86 2.4e-27 1
P0DMX0 2.6e-27 1
E7FL12 2.9e-27 1
P29216 3.1e-27 1
Q6ITB7 3e-27 1
C0HJU6 3e-27 1
P0DN14 4.3e-27 1
B5KL41 4.1e-27 1
A6MFL2 4.8e-27 1
P0DKL8 6.3e-27 1
Q96NZ8 2.5e-20 1
B2KTG1 8.3e-27 1
B5L5R4 9.4e-27 1
H2A0N5 1.2e-15 1
P0DN20 1.2e-26 1
B4ESA3 1.2e-26 1
C1IC53 1.6e-26 1
Q28201 2.2e-26 1
Q8AY41 2.3e-26 1
P0DMJ3 2.1e-26 1
A8Y7N7 3e-26 1
Q8AY43 3.1e-26 1
A8Y7N5 3e-26 1
E7FL11 3.3e-26 1
H6VC06 3.6e-26 1
P15989 8.1e-26 1
B5KL31 4e-26 1
P81547 4.5e-26 1
Q95241 8.1e-26 1
P86964 3.6e-15 1
P08592 8.4e-26 1
P26228 7.1e-26 1
Q60495 1.8e-25 1
I2G9B4 1.1e-25 1
P0DMJ2 1.1e-25 1
A8Y7P1 1.2e-25 1
A8Y7P3 1.5e-25 1
Q5ZPJ7 1.7e-25 1
A8Y7P2 1.9e-25 1
Q8AY42 2.8e-25 1
F6ULY1 3.3e-25 1
H2A0N1 1.5e-14 1
H2A0M2 8.7e-25 1
Q29143 6.8e-25 1
P0CY85 7.1e-25 1
P86959 1.4e-24 1
P0DN15 1e-24 1
Q6ITB2 1.2e-24 1
Q90W96 1.8e-24 1
B5L5R6 2.2e-24 1
Q06481 8.1e-24 1
D4A2Z2 3e-24 1
P15943 8.7e-24 1
P16344 3.4e-24 1
P19859 5e-24 1
P0DN16 6.5e-24 1
B5KL27 6.5e-24 1
P82968 8.1e-24 1
Q90W97 4.6e-23 1
D2Y491 8e-23 1
P0DJ77 1.1e-22 1
P68425 1.1e-22 1
P0DJ66 1.5e-22 1
B2ZBB6 1.2e-22 1
D2Y490 1.3e-22 1
Q9DA01 1.3e-22 1
P26227 1.5e-22 1
O95428 1.9e-22 1
D2Y488 2.8e-22 1
P81162 3.9e-22 1
Q8R0S6 1.1e-20 1
B2KTG2 6.5e-22 1
P0DMJ1 8.1e-22 1
Q8T0W4 8.6e-22 1
D2Y2Q9 1.5e-21 1
P0DJ82 6.8e-21 1
D2Y2Q8 9.4e-21 1
D2Y2Q5 1.3e-20 1
D2Y2Q1 1.6e-20 1
B2ZBB8 2.2e-20 1
P0DJ78 2.2e-20 1
P0DJ79 2.9e-20 1
Q0PL65 2.8e-20 1
Q2UY11 5.9e-20 1
D2Y2F8 4.1e-20 1
D2Y2F6 5e-20 1
P0DJ69 8e-20 1
D2Y2Q6 1.2e-19 1
Q2UY09 2.5e-19 1
D2Y2F3 2.5e-19 1
D2Y2F7 4e-19 1
P0DJ73 4e-19 1
P0DMW9 5.2e-19 1
P0DJ81 1.4e-18 1
B5L5Q3 1.7e-18 1
P00989 3.1e-18 1
Q8AY45 3.1e-18 1
Q75S50 4.6e-18 1
Q8AY44 4.6e-18 1
Q8AY46 2.4e-16 1
Q8IUA0 2.4e-16 1
P0CAR0 2.3e-14 1
P86963 1.5e-11 1
O62247 6.9e-06 1
D3GGZ8 9.5e-05 1
