O54819 3.1e-25 1
P10646 1.6e-24 1
P84875 1.8e-24 1
P86733 5.1e-27 1
O35536 3.1e-24 1
W4VSH9 6e-26 1
O43291 5.1e-24 1
P04365 1.8e-22 1
P62757 1.1e-20 1
Q60559 1.4e-20 1
Q07456 1.2e-19 1
P83609 5.1e-20 1
Q62577 8.9e-20 1
P04815 4.5e-34 1
P00982 9.7e-33 1
Q6NUX0 1.2e-20 1
Q90W98 1.7e-30 1
P00979 2.1e-30 1
P0C1X2 2.1e-30 1
P81129 2.3e-30 1
C1IC51 7.3e-30 1
C0HK72 6.5e-30 1
P0DMJ6 9.1e-30 1
Q7LZS8 9.1e-30 1
Q2ES47 1.5e-29 1
P10280 1.6e-29 1
B7S4N9 2e-29 1
C1IC50 2.2e-29 1
P00984 4.2e-29 1
P0DN09 5.3e-29 1
B5KL37 5.5e-29 1
F8J2F5 6.5e-29 1
P86862 9.3e-29 1
B5KL36 8.8e-29 1
P0DMJ5 1.1e-28 1
Q6ITB0 1.4e-28 1
P00991 1.8e-28 1
Q2ES46 2.4e-28 1
Q9TWF8 2.7e-28 1
B5KL38 3.2e-28 1
Q6ITB9 3.2e-28 1
Q6ITB4 3.9e-28 1
Q6ITB6 3.9e-28 1
P00976 5.9e-28 1
P00992 6.2e-28 1
Q6ITC0 6.6e-28 1
C0HJF4 6.2e-28 1
A6MGY1 7.4e-28 1
Q29428 1.1e-27 1
B5KL35 9.2e-28 1
P00993 9.4e-28 1
A6MFL3 1.3e-27 1
P0DN10 1.4e-27 1
Q29100 1.2e-27 1
A6MFL1 1.6e-27 1
P0DN12 1.7e-27 1
B5L5R1 1.7e-27 1
Q8T3S7 1.7e-27 1
A0A1Z0YU59 1.8e-27 1
P0DN17 2.4e-27 1
Q9TWF9 2.5e-27 1
P0DN07 3.4e-27 1
B5L5Q8 3.9e-27 1
B5KL34 4.2e-27 1
E5AJX3 4.5e-27 1
B2G331 5.8e-27 1
B5KL32 6.6e-27 1
P0DJ50 1.1e-26 1
Q6ITB3 1.6e-26 1
B5KL33 1.6e-26 1
P0DN18 2.1e-26 1
A8Y7N6 1.9e-26 1
P82966 2e-26 1
B5KF94 2.6e-26 1
P81548 3.5e-26 1
P81902 3.5e-26 1
O62845 4.9e-26 1
B5KL30 4.4e-26 1
P79307 8.4e-26 1
P53601 8.4e-26 1
Q5IS80 8.4e-26 1
P36992 1e-18 1
B1B5I8 6.6e-26 1
P12023 1.2e-25 1
P05067 1.2e-25 1
Q6ITC1 7.3e-26 1
F8J2F6 7.5e-26 1
P00990 7.2e-26 1
A7X3V4 9.5e-26 1
A8Y7P6 1e-25 1
A8Y7P4 1.1e-25 1
Q6ITB8 1.2e-25 1
A8Y7P0 1.5e-25 1
Q2ES50 1.5e-25 1
Q2ES48 1.7e-25 1
B4ESA4 2e-25 1
A8Y7P5 2.2e-25 1
P0DJ46 3.7e-25 1
A7X3V7 5.7e-25 1
P0C8W3 5.6e-25 1
A8Y7N4 5.5e-25 1
H6VC05 5.5e-25 1
P00983 7.1e-25 1
A8Y7N8 8.1e-25 1
P0DJ45 1.4e-24 1
B5L5Q1 1.7e-24 1
D8KY58 2.6e-24 1
B5KL29 5.2e-24 1
P0DJ49 5.4e-24 1
P0DJ48 6.4e-24 1
Q3UW55 7.9e-24 1
Q4KUS1 1.7e-23 1
D2Y489 2.4e-23 1
P0C5J5 8.3e-21 1
Q9BDL1 4.3e-23 1
O95925 4.7e-23 1
B5KL28 7.3e-23 1
P49223 9.7e-23 1
P16044 1.2e-22 1
O93279 4.4e-22 1
P0DJ47 2.4e-22 1
Q9EPX2 2.8e-22 1
Q589G4 3.1e-22 1
P0DJ76 5.7e-22 1
Q1RPS9 6.8e-22 1
Q9D263 1.1e-21 1
Q1RPS8 1.6e-21 1
H2A0N9 1.3e-21 1
P10832 1.5e-21 1
D2Y2Q7 2.1e-21 1
D2Y2G1 2.6e-21 1
P0DJ84 2.6e-21 1
D2Y2Q2 2.9e-21 1
P81906 3.6e-21 1
P10831 4.1e-21 1
B2ZBC0 7.5e-21 1
P11424 8.2e-21 1
Q63870 1.5e-20 1
Q7T2Q6 1.4e-20 1
B5L5Q6 1.7e-20 1
Q02388 2.6e-20 1
P0DJ85 1.9e-20 1
P0DJ80 2.2e-20 1
P0DJ75 2.2e-20 1
D2Y2C2 4.5e-20 1
P0DJ70 4.5e-20 1
P0DJ72 5e-20 1
D2Y2F4 5.6e-20 1
P0DJ67 5.6e-20 1
B2KTG3 6.3e-20 1
D2Y2F5 6.9e-20 1
P0DJ71 6.9e-20 1
B2ZBB9 7.1e-20 1
P0DJ74 8e-20 1
P07481 1.5e-19 1
P0DJ64 2.5e-19 1
D2Y2F9 3.3e-19 1
P0DJ65 3.3e-19 1
Q6UDR6 5.3e-19 1
O73683 3.5e-18 1
D2Y2G0 2.6e-18 1
P0DMW8 2.7e-18 1
Q1RPT0 3.1e-18 1
D2Y2G2 5.6e-18 1
P0DJ68 5.6e-18 1
B4ESA2 6.5e-17 1
Q7Z1K3 4.6e-16 1
Q9W728 1.5e-16 1
Q75S49 2.3e-16 1
P00987 3e-16 1
C0LNR2 1.4e-15 1
G9I929 1.3e-15 1
Q2ES49 3.1e-15 1
P26226 7.9e-14 1
P0CH75 6.6e-13 1
Q9BQY6 1.1e-11 1
Q11101 7.2e-11 1
